Case #1: ZESJTKHLFMQYNGHIEPJ
Case #2: EGIYHOVTACYZAFLQBJ
Case #3: FSDDATKYIRXSNVOBLPRZ
Case #4: TMVJHHRGHYXVAMCEJSKO
Case #5: EPIAKQBUICXYIEOCSRZD
Case #6: LDBKGTWFTXICRSGPLYY
Case #7: YBTSBGLKVNGWCZLXDPQC
Case #8: GABRVWTQSKMUERULFD
Case #9: EWWRAUDPMJZGYWXZOQKA
Case #10: FMTVADKWDLPIGHARUZ
Case #11: EFGKUDLHCPCOUIBMXT
Case #12: IQBWBVNOWYDAAUEJCPLI
Case #13: XSMIGVEAVIJOFRITPYWC
Case #14: LRNVQSOBEDWIWTZNUZMX
Case #15: SZYMGSNAJKWRZDTJEHQY
Case #16: FUYXRGJQPKECAHKKSIT
Case #17: MAERFHYLVGZNCTVAQ
Case #18: ZDIHFTKRKSPYABUXEMBB
Case #19: JLDPSBAZJJGXKMSLIQW
Case #20: FGKUDMQJZAYLJUNBZRG
Case #21: DKWZCVTGSYOVPMMUKHQB
Case #22: BYHSANAYVLQFREJEZKXB
Case #23: LGLZBIDPNZTABWOXVSZ
Case #24: AUBZODJCIZWQUFFXPYUN
Case #25: ANVJMROWNEFPKFKUXQH
Case #26: DNZLMRDJKAOYVTOQPLEJ
Case #27: HTDZGQWEGILFBEZVOP
Case #28: CIIFKLAQCUAUVGNWRXZ
Case #29: CHXEWZCCVSNLHQUIOAYV
Case #30: ODULYHGFIHAFONTXGJER
Case #31: VFCGBLHPHKSUAXJYYCZW
Case #32: IMBMXBSIJEFWRDZNAYKQ
Case #33: OAKVWTZPSUNYAXQGLGGJ
Case #34: QKCMDSILKHBPEIOJVGY
Case #35: RLEHQJCPSWAEGDXOHZO
Case #36: GNJKDAGSOPSRVQAKLDYC
Case #37: EFPWFSBEMDVNCTAERLIQ
Case #38: QEVSCJWKPUTBCOVNJGYD
Case #39: PXOUKQUDAICFITYHSXR
Case #40: DTCUIYOLVHSZRHVMPRVK
Case #41: LWDSXGFNZGLVNJMYUTA
Case #42: CVAEKDQGSXSXUBEYZUFR
Case #43: DDRWXSXTBVQOOUTJEYNE
Case #44: RCOHAUADQPFWBINSBZGI
Case #45: RVZFOYQGLVWVUHXNIA
Case #46: MQVDYJMHIBTGGFKULPU
Case #47: QBEVCWUQLYGFTOLAMGDH
Case #48: WUSMHIXVGTOYPKRVEGBE
Case #49: HYDCIBHFYIVKWZEUAOY
Case #50: JDQYWVRUJKYUBIOSMVCP
Case #51: LSDBPXMUWCUAKCBGONTQ
Case #52: KTJBHRFMFXPHLINOJC
Case #53: OCATYYDXPFVUITFRLDGN
Case #54: IQKCGAVZEWYSMBZPYIGW
Case #55: PDHJVUVYDXKXQZMONIF
Case #56: CQANSOSKHPSXDHICLJUG
Case #57: JMHWRUAETBPKBLMVFC
Case #58: FHUAPTRIBYADNEEWQZFV
Case #59: ZNWUCSJBKRMEPVFEHAXB
Case #60: ECVIGPFLMHPAUJBFDM
Case #61: KFHIERKTQGMNXFWBVDK
Case #62: HGSTNWQRUIEOJDTTQIP
Case #63: LRWYSGJPQTDYKIAWFLR
Case #64: HGLRDWQFPSSBENTXJONS
Case #65: ESLWJGQZONPMHTXJICZ
Case #66: IBVWMPXJKRELJQWUVKGH
Case #67: AVJDFPFAUWQHZIMVBJX
Case #68: JCFWREGZBUMMJKYCWUPU
Case #69: SQOLCHGMEJKCURZRVBU
Case #70: EANLZZWIWTTABKSMOYDS
Case #71: CVYOGWNEVXPRQOVPIBL
Case #72: CFCDAFPNHDIREOIJNRQK
Case #73: LUZCGDYBYEQFFKAIJFRD
Case #74: JICYFBBGXBDKVNRQMN
Case #75: XWGCOBJABKLHCPUNVRS
Case #76: OXPACNZZQJBADLEHYFRK
Case #77: JROTGJXWDZAPICRYLIQN
Case #78: SRZJINKXLMZFZTPJYVUH
Case #79: OVCMANDICYQZHZMUVFW
Case #80: KJBPFDNEWZYQXUWRTURR
Case #81: EKYXPWDMPJCBJLLVMAIQ
Case #82: ZNZQGIWVTRUHCYZSDFIB
Case #83: JYBHOPSRVNYIUAKYLXQM
Case #84: BDBEYIQZFXOJVKDECCN
Case #85: NCHOIKHPRDZUXFOSNMVK
Case #86: ACGUBGRWOISVIGOJENDZ
Case #87: EVZZDLJCMWNRIDIHZPXF
Case #88: ZWFUIBNHZAXICMDTOGQA
Case #89: PYFWNDCTRKQXMRIGEJG
Case #90: JOHNSON
Case #91: RBONTMPGOFDZVSENJKL
Case #92: NTPEZXISTPCLLYSQJGDB
Case #93: NXTJLXVQUBNBVOGUFRIP
Case #94: GUVPIFVKZBJNKUAXWCZU
Case #95: RDVUCCKYNGUWAPXZSO
Case #96: RNZBVOLGJVFRQKDNYZNI
Case #97: BGZHZDLVIFSBKEAMKGWD
Case #98: FXHYVUBDWJVHZODGJSZC
Case #99: IZUOXSXEFMFDVBKZYZYJ
Case #100: ETSPOZFDBDRKVWQTUR
